INFO:     Started server process [23313]
INFO:     Waiting for application startup.
INFO:     Application startup complete.
INFO:     Uvicorn running on http://0.0.0.0:8000 (Press CTRL+C to quit)
🚀 Starting FastAPI server on http://localhost:8000
INFO:     127.0.0.1:41992 - "GET /health HTTP/1.1" 200 OK
INFO:     127.0.0.1:51838 - "OPTIONS /benchmark HTTP/1.1" 200 OK
INFO:database_service:🔗 Attempting to connect to database...
INFO:database_service:✅ Database connection successful
INFO:__main__:🔄 Starting ArcFace benchmark for user: Elvina Giovanni Amelinda
INFO:arcface_service:🔄 Initializing InsightFace ArcFace model...
INFO:arcface_service:📦 This may take a few minutes if models need to be downloaded...
/home/azizfrahman/project/face-api-attendance/backend/venv/lib/python3.12/site-packages/onnxruntime/capi/onnxruntime_inference_collection.py:115: UserWarning: Specified provider 'CUDAExecutionProvider' is not in available provider names.Available providers: 'AzureExecutionProvider, CPUExecutionProvider'
  warnings.warn(
INFO:arcface_service:🚀 Attempting GPU acceleration...
INFO:arcface_service:⬇️  Preparing models (downloading if needed)...
INFO:arcface_service:✅ ArcFace model initialized successfully!
INFO:arcface_service:🔍 Processing image: shape=(480, 640, 3), dtype=uint8, min=0, max=255
INFO:arcface_service:🎯 Detected 1 faces in image
INFO:arcface_service:✅ 1 faces passed quality filters out of 1 detected
INFO:__main__:📊 ArcFace extraction - embedding: found, latency: 3447.01ms
INFO:__main__:📋 User has ArcFace descriptor, comparing...
INFO:__main__:✅ ArcFace comparison - similarity: 0.8738 (87.38%), total_latency: 24651.72ms
INFO:__main__:📊 Benchmark result ready (database save temporarily disabled)
Applied providers: ['CPUExecutionProvider'], with options: {'CPUExecutionProvider': {}}
find model: /home/azizfrahman/.insightface/models/buffalo_l/1k3d68.onnx landmark_3d_68 ['None', 3, 192, 192] 0.0 1.0
Applied providers: ['CPUExecutionProvider'], with options: {'CPUExecutionProvider': {}}
find model: /home/azizfrahman/.insightface/models/buffalo_l/2d106det.onnx landmark_2d_106 ['None', 3, 192, 192] 0.0 1.0
Applied providers: ['CPUExecutionProvider'], with options: {'CPUExecutionProvider': {}}
find model: /home/azizfrahman/.insightface/models/buffalo_l/det_10g.onnx detection [1, 3, '?', '?'] 127.5 128.0
Applied providers: ['CPUExecutionProvider'], with options: {'CPUExecutionProvider': {}}
find model: /home/azizfrahman/.insightface/models/buffalo_l/genderage.onnx genderage ['None', 3, 96, 96] 0.0 1.0
Applied providers: ['CPUExecutionProvider'], with options: {'CPUExecutionProvider': {}}
find model: /home/azizfrahman/.insightface/models/buffalo_l/w600k_r50.onnx recognition ['None', 3, 112, 112] 127.5 127.5
set det-size: (1280, 1280)
INFO:     127.0.0.1:51838 - "POST /benchmark HTTP/1.1" 200 OK
